2022/05/19 08:31:45 {"callers":["/Users/yanglu/go/src/blog-service/main.go: 27 main.init.0"],"level":"info","message":"eddycjy: go-programming-tour-book/blog-service","time":1652920305900405000}
2022/05/21 15:56:09 {"callers":["/Users/yanglu/go/src/blog-service/main.go: 27 main.init.0"],"level":"info","message":"app.BindAndValid errs: State必须是[0 1]中的一个","time":1653119769947654000}
2022/05/21 15:57:20 {"callers":["/Users/yanglu/go/src/blog-service/main.go: 27 main.init.0"],"level":"info","message":"app.BindAndValid errs: State必须是[0 1]中的一个","time":1653119840579839000}
2022/05/24 20:53:41 {"callers":["/Users/yanglu/go/src/blog-service/main.go: 27 main.init.0"],"level":"error","message":"svc.CountTag err: Error 1054: Unknown column 'is_del' in 'where clause'","time":1653396821001564000}
2022/05/24 21:13:35 {"callers":["/Users/yanglu/go/src/blog-service/main.go: 27 main.init.0"],"level":"error","message":"app.BindAndValid errs: Name长度必须至少为3个字符","time":1653398015228169000}
2022/05/24 21:13:56 {"callers":["/Users/yanglu/go/src/blog-service/main.go: 27 main.init.0"],"level":"error","message":"svc.CreateTag err: Error 1054: Unknown column 'created_by' in 'field list'","time":1653398036045803000}
2022/05/24 21:14:13 {"callers":["/Users/yanglu/go/src/blog-service/main.go: 27 main.init.0"],"level":"error","message":"svc.CreateTag err: Error 1054: Unknown column 'created_by' in 'field list'","time":1653398053977251000}
2022/05/24 21:15:34 {"callers":["/Users/yanglu/go/src/blog-service/main.go: 27 main.init.0"],"level":"error","message":"svc.CreateTag err: Error 1054: Unknown column 'modified_by' in 'field list'","time":1653398134003807000}
2022/05/24 21:16:05 {"callers":["/Users/yanglu/go/src/blog-service/main.go: 27 main.init.0"],"level":"error","message":"svc.CreateTag err: Error 1054: Unknown column 'created_on' in 'field list'","time":1653398165113564000}
2022/05/24 21:19:02 {"callers":["/Users/yanglu/go/src/blog-service/main.go: 27 main.init.0"],"level":"error","message":"svc.CreateTag err: Error 1264: Out of range value for column 'created_on' at row 1","time":1653398342039012000}
2022/05/24 21:22:09 {"callers":["/Users/yanglu/go/src/blog-service/main.go: 27 main.init.0"],"level":"error","message":"svc.CreateTag err: Error 1264: Out of range value for column 'created_on' at row 1","time":1653398529265970000}
2022/05/25 14:35:35 {"callers":["/Users/yanglu/go/src/blog-service/main.go: 27 main.init.0"],"level":"error","message":"svc.CreateTag err: Error 1264: Out of range value for column 'created_on' at row 1","time":1653460535036839000}
2022/05/27 15:18:50 {"callers":["/Users/yanglu/go/src/blog-service/main.go: 27 main.init.0"],"level":"error","message":"app.BindAndValid errs: CreatedBy长度必须至少为3个字符","time":1653635930158247000}
2022/05/27 16:37:27 {"callers":["/Users/yanglu/go/src/blog-service/main.go: 27 main.init.0"],"level":"error","message":"svc.CountTag err: Error 1054: Unknown column '？' in 'where clause'","time":1653640647275331000}
2022/05/27 16:39:36 {"callers":["/Users/yanglu/go/src/blog-service/main.go: 27 main.init.0"],"level":"error","message":"svc.CountTag err: Error 1054: Unknown column '？' in 'where clause'","time":1653640776825287000}
2022/05/27 21:37:04 {"callers":["/Users/yanglu/go/src/blog-service/main.go: 27 main.init.0"],"level":"debug","message":"locale 是个啥：%!(EXTRA string=)","time":1653658624834605000}
2022/05/27 21:37:04 {"callers":["/Users/yanglu/go/src/blog-service/main.go: 27 main.init.0"],"level":"debug","message":"locale 是个啥：%!(EXTRA string=)","time":1653658624866908000}
2022/05/27 21:37:04 {"callers":["/Users/yanglu/go/src/blog-service/main.go: 27 main.init.0"],"level":"debug","message":"locale 是个啥：%!(EXTRA string=)","time":1653658624880249000}
2022/05/27 21:37:04 {"callers":["/Users/yanglu/go/src/blog-service/main.go: 27 main.init.0"],"level":"debug","message":"locale 是个啥：%!(EXTRA string=)","time":1653658624892702000}
2022/05/27 21:37:05 {"callers":["/Users/yanglu/go/src/blog-service/main.go: 27 main.init.0"],"level":"debug","message":"locale 是个啥：%!(EXTRA string=)","time":1653658625088211000}
2022/05/27 21:37:05 {"callers":["/Users/yanglu/go/src/blog-service/main.go: 27 main.init.0"],"level":"debug","message":"locale 是个啥：%!(EXTRA string=)","time":1653658625256398000}
2022/05/27 21:37:05 {"callers":["/Users/yanglu/go/src/blog-service/main.go: 27 main.init.0"],"level":"debug","message":"locale 是个啥：%!(EXTRA string=)","time":1653658625311017000}
2022/05/27 21:37:05 {"callers":["/Users/yanglu/go/src/blog-service/main.go: 27 main.init.0"],"level":"debug","message":"locale 是个啥：%!(EXTRA string=)","time":1653658625314140000}
2022/05/27 21:37:05 {"callers":["/Users/yanglu/go/src/blog-service/main.go: 27 main.init.0"],"level":"debug","message":"locale 是个啥：%!(EXTRA string=)","time":1653658625323423000}
2022/05/27 21:37:13 {"callers":["/Users/yanglu/go/src/blog-service/main.go: 27 main.init.0"],"level":"debug","message":"locale 是个啥：%!(EXTRA string=)","time":1653658633807691000}
2022/05/27 21:40:12 {"callers":["/Users/yanglu/go/src/blog-service/main.go: 27 main.init.0"],"level":"debug","message":"locale 是个啥: ","time":1653658812712094000}
2022/05/27 22:12:28 {"callers":["/Users/yanglu/go/src/blog-service/main.go: 27 main.init.0"],"level":"debug","message":"locale 是个啥: ","time":1653660748795565000}
2022/05/28 16:43:11 {"callers":["/Users/yanglu/go/src/blog-service/main.go: 27 main.init.0"],"level":"debug","message":"locale 是个啥: ","time":1653727391652951000}
2022/05/28 16:43:11 {"callers":["/Users/yanglu/go/src/blog-service/main.go: 27 main.init.0"],"level":"debug","message":"locale 是个啥: ","time":1653727391707591000}
2022/05/28 16:43:11 {"callers":["/Users/yanglu/go/src/blog-service/main.go: 27 main.init.0"],"level":"debug","message":"locale 是个啥: ","time":1653727391710118000}
2022/05/28 16:43:11 {"callers":["/Users/yanglu/go/src/blog-service/main.go: 27 main.init.0"],"level":"debug","message":"locale 是个啥: ","time":1653727391710334000}
2022/05/28 16:43:11 {"callers":["/Users/yanglu/go/src/blog-service/main.go: 27 main.init.0"],"level":"debug","message":"locale 是个啥: ","time":1653727391876536000}
2022/05/28 16:43:11 {"callers":["/Users/yanglu/go/src/blog-service/main.go: 27 main.init.0"],"level":"debug","message":"locale 是个啥: ","time":1653727391891882000}
2022/05/28 16:43:12 {"callers":["/Users/yanglu/go/src/blog-service/main.go: 27 main.init.0"],"level":"debug","message":"locale 是个啥: ","time":1653727392071740000}
2022/05/28 16:43:12 {"callers":["/Users/yanglu/go/src/blog-service/main.go: 27 main.init.0"],"level":"debug","message":"locale 是个啥: ","time":1653727392096158000}
2022/05/28 16:43:12 {"callers":["/Users/yanglu/go/src/blog-service/main.go: 27 main.init.0"],"level":"debug","message":"locale 是个啥: ","time":1653727392171644000}
2022/05/28 17:02:51 {"callers":["/Users/yanglu/go/src/blog-service/main.go: 27 main.init.0"],"level":"debug","message":"locale 是个啥: ","time":1653728571634831000}
2022/05/28 17:02:51 {"callers":["/Users/yanglu/go/src/blog-service/main.go: 27 main.init.0"],"level":"debug","message":"locale 是个啥: ","time":1653728571689373000}
2022/05/28 17:02:51 {"callers":["/Users/yanglu/go/src/blog-service/main.go: 27 main.init.0"],"level":"debug","message":"locale 是个啥: ","time":1653728571691995000}
2022/05/28 17:02:51 {"callers":["/Users/yanglu/go/src/blog-service/main.go: 27 main.init.0"],"level":"debug","message":"locale 是个啥: ","time":1653728571700639000}
2022/05/28 17:02:51 {"callers":["/Users/yanglu/go/src/blog-service/main.go: 27 main.init.0"],"level":"debug","message":"locale 是个啥: ","time":1653728571918212000}
2022/05/28 17:02:52 {"callers":["/Users/yanglu/go/src/blog-service/main.go: 27 main.init.0"],"level":"debug","message":"locale 是个啥: ","time":1653728572059550000}
2022/05/28 17:02:52 {"callers":["/Users/yanglu/go/src/blog-service/main.go: 27 main.init.0"],"level":"debug","message":"locale 是个啥: ","time":1653728572236174000}
2022/05/28 17:02:52 {"callers":["/Users/yanglu/go/src/blog-service/main.go: 27 main.init.0"],"level":"debug","message":"locale 是个啥: ","time":1653728572236990000}
2022/05/28 17:02:52 {"callers":["/Users/yanglu/go/src/blog-service/main.go: 27 main.init.0"],"level":"debug","message":"locale 是个啥: ","time":1653728572390267000}
2022/05/28 17:05:38 {"callers":["/Users/yanglu/go/src/blog-service/main.go: 27 main.init.0"],"level":"debug","message":"locale 是个啥: ","time":1653728738343497000}
2022/05/28 17:05:38 {"callers":["/Users/yanglu/go/src/blog-service/main.go: 27 main.init.0"],"level":"debug","message":"locale 是个啥: ","time":1653728738386493000}
2022/05/28 17:05:38 {"callers":["/Users/yanglu/go/src/blog-service/main.go: 27 main.init.0"],"level":"debug","message":"locale 是个啥: ","time":1653728738387051000}
2022/05/28 17:05:38 {"callers":["/Users/yanglu/go/src/blog-service/main.go: 27 main.init.0"],"level":"debug","message":"locale 是个啥: ","time":1653728738389666000}
2022/05/28 17:05:38 {"callers":["/Users/yanglu/go/src/blog-service/main.go: 27 main.init.0"],"level":"debug","message":"locale 是个啥: ","time":1653728738519430000}
2022/05/28 17:05:38 {"callers":["/Users/yanglu/go/src/blog-service/main.go: 27 main.init.0"],"level":"debug","message":"locale 是个啥: ","time":1653728738609157000}
2022/05/28 17:05:38 {"callers":["/Users/yanglu/go/src/blog-service/main.go: 27 main.init.0"],"level":"debug","message":"locale 是个啥: ","time":1653728738759707000}
2022/05/28 17:05:38 {"callers":["/Users/yanglu/go/src/blog-service/main.go: 27 main.init.0"],"level":"debug","message":"locale 是个啥: ","time":1653728738778489000}
2022/05/28 17:05:38 {"callers":["/Users/yanglu/go/src/blog-service/main.go: 27 main.init.0"],"level":"debug","message":"locale 是个啥: ","time":1653728738785193000}
2022/05/28 17:08:35 {"callers":["/Users/yanglu/go/src/blog-service/main.go: 27 main.init.0"],"level":"debug","message":"locale 是个啥: ","time":1653728915850199000}
2022/05/28 17:08:53 {"callers":["/Users/yanglu/go/src/blog-service/main.go: 27 main.init.0"],"level":"debug","message":"locale 是个啥: ","time":1653728933823855000}
2022/05/28 17:08:53 {"callers":["/Users/yanglu/go/src/blog-service/main.go: 27 main.init.0"],"level":"debug","message":"locale 是个啥: ","time":1653728933850964000}
2022/05/28 17:08:53 {"callers":["/Users/yanglu/go/src/blog-service/main.go: 27 main.init.0"],"level":"debug","message":"locale 是个啥: ","time":1653728933851109000}
2022/05/28 17:08:53 {"callers":["/Users/yanglu/go/src/blog-service/main.go: 27 main.init.0"],"level":"debug","message":"locale 是个啥: ","time":1653728933851549000}
2022/05/28 17:08:53 {"callers":["/Users/yanglu/go/src/blog-service/main.go: 27 main.init.0"],"level":"debug","message":"locale 是个啥: ","time":1653728933971657000}
2022/05/28 17:08:54 {"callers":["/Users/yanglu/go/src/blog-service/main.go: 27 main.init.0"],"level":"debug","message":"locale 是个啥: ","time":1653728934078715000}
2022/05/28 17:08:54 {"callers":["/Users/yanglu/go/src/blog-service/main.go: 27 main.init.0"],"level":"debug","message":"locale 是个啥: ","time":1653728934204372000}
2022/05/28 17:08:54 {"callers":["/Users/yanglu/go/src/blog-service/main.go: 27 main.init.0"],"level":"debug","message":"locale 是个啥: ","time":1653728934235375000}
2022/05/28 17:08:54 {"callers":["/Users/yanglu/go/src/blog-service/main.go: 27 main.init.0"],"level":"debug","message":"locale 是个啥: ","time":1653728934245125000}
2022/05/28 17:11:21 {"callers":["/Users/yanglu/go/src/blog-service/main.go: 27 main.init.0"],"level":"debug","message":"locale 是个啥: ","time":1653729081574594000}
2022/05/28 17:16:57 {"callers":["/Users/yanglu/go/src/blog-service/main.go: 27 main.init.0"],"level":"debug","message":"locale 是个啥: ","time":1653729417685600000}
2022/05/28 17:16:57 {"callers":["/Users/yanglu/go/src/blog-service/main.go: 27 main.init.0"],"level":"debug","message":"locale 是个啥: ","time":1653729417807420000}
2022/05/28 17:16:57 {"callers":["/Users/yanglu/go/src/blog-service/main.go: 27 main.init.0"],"level":"debug","message":"locale 是个啥: ","time":1653729417808079000}
2022/05/28 17:16:57 {"callers":["/Users/yanglu/go/src/blog-service/main.go: 27 main.init.0"],"level":"debug","message":"locale 是个啥: ","time":1653729417811521000}
2022/05/28 17:16:57 {"callers":["/Users/yanglu/go/src/blog-service/main.go: 27 main.init.0"],"level":"debug","message":"locale 是个啥: ","time":1653729417924181000}
2022/05/28 17:16:58 {"callers":["/Users/yanglu/go/src/blog-service/main.go: 27 main.init.0"],"level":"debug","message":"locale 是个啥: ","time":1653729418077353000}
2022/05/28 17:16:58 {"callers":["/Users/yanglu/go/src/blog-service/main.go: 27 main.init.0"],"level":"debug","message":"locale 是个啥: ","time":1653729418117552000}
2022/05/28 17:16:58 {"callers":["/Users/yanglu/go/src/blog-service/main.go: 27 main.init.0"],"level":"debug","message":"locale 是个啥: ","time":1653729418149286000}
2022/05/28 17:16:58 {"callers":["/Users/yanglu/go/src/blog-service/main.go: 27 main.init.0"],"level":"debug","message":"locale 是个啥: ","time":1653729418164171000}
2022/05/28 17:17:11 {"callers":["/Users/yanglu/go/src/blog-service/main.go: 27 main.init.0"],"level":"debug","message":"locale 是个啥: ","time":1653729431049045000}
2022/05/28 17:22:43 {"callers":["/Users/yanglu/go/src/blog-service/main.go: 27 main.init.0"],"level":"debug","message":"locale 是个啥: ","time":1653729763906581000}
2022/05/28 17:22:43 {"callers":["/Users/yanglu/go/src/blog-service/main.go: 27 main.init.0"],"level":"debug","message":"locale 是个啥: ","time":1653729763951342000}
2022/05/28 17:22:43 {"callers":["/Users/yanglu/go/src/blog-service/main.go: 27 main.init.0"],"level":"debug","message":"locale 是个啥: ","time":1653729763953318000}
2022/05/28 17:22:43 {"callers":["/Users/yanglu/go/src/blog-service/main.go: 27 main.init.0"],"level":"debug","message":"locale 是个啥: ","time":1653729763954976000}
2022/05/28 17:22:44 {"callers":["/Users/yanglu/go/src/blog-service/main.go: 27 main.init.0"],"level":"debug","message":"locale 是个啥: ","time":1653729764071323000}
2022/05/28 17:22:44 {"callers":["/Users/yanglu/go/src/blog-service/main.go: 27 main.init.0"],"level":"debug","message":"locale 是个啥: ","time":1653729764343128000}
2022/05/28 17:22:44 {"callers":["/Users/yanglu/go/src/blog-service/main.go: 27 main.init.0"],"level":"debug","message":"locale 是个啥: ","time":1653729764406330000}
2022/05/28 17:22:44 {"callers":["/Users/yanglu/go/src/blog-service/main.go: 27 main.init.0"],"level":"debug","message":"locale 是个啥: ","time":1653729764422207000}
2022/05/28 17:22:44 {"callers":["/Users/yanglu/go/src/blog-service/main.go: 27 main.init.0"],"level":"debug","message":"locale 是个啥: ","time":1653729764442741000}
2022/05/28 17:22:53 {"callers":["/Users/yanglu/go/src/blog-service/main.go: 27 main.init.0"],"level":"debug","message":"locale 是个啥: ","time":1653729773141529000}
2022/05/28 17:27:25 {"callers":["/Users/yanglu/go/src/blog-service/main.go: 27 main.init.0"],"level":"debug","message":"locale 是个啥: ","time":1653730045220099000}
2022/05/28 17:27:25 {"callers":["/Users/yanglu/go/src/blog-service/main.go: 27 main.init.0"],"level":"debug","message":"locale 是个啥: ","time":1653730045294650000}
2022/05/28 17:27:25 {"callers":["/Users/yanglu/go/src/blog-service/main.go: 27 main.init.0"],"level":"debug","message":"locale 是个啥: ","time":1653730045298632000}
2022/05/28 17:27:25 {"callers":["/Users/yanglu/go/src/blog-service/main.go: 27 main.init.0"],"level":"debug","message":"locale 是个啥: ","time":1653730045298650000}
2022/05/28 17:27:25 {"callers":["/Users/yanglu/go/src/blog-service/main.go: 27 main.init.0"],"level":"debug","message":"locale 是个啥: ","time":1653730045593542000}
2022/05/28 17:27:25 {"callers":["/Users/yanglu/go/src/blog-service/main.go: 27 main.init.0"],"level":"debug","message":"locale 是个啥: ","time":1653730045601498000}
2022/05/28 17:27:25 {"callers":["/Users/yanglu/go/src/blog-service/main.go: 27 main.init.0"],"level":"debug","message":"locale 是个啥: ","time":1653730045757248000}
2022/05/28 17:27:25 {"callers":["/Users/yanglu/go/src/blog-service/main.go: 27 main.init.0"],"level":"debug","message":"locale 是个啥: ","time":1653730045852382000}
2022/05/28 17:27:25 {"callers":["/Users/yanglu/go/src/blog-service/main.go: 27 main.init.0"],"level":"debug","message":"locale 是个啥: ","time":1653730045876049000}
2022/05/28 17:27:33 {"callers":["/Users/yanglu/go/src/blog-service/main.go: 27 main.init.0"],"level":"debug","message":"locale 是个啥: ","time":1653730053541139000}
2022/05/28 17:29:10 {"callers":["/Users/yanglu/go/src/blog-service/main.go: 27 main.init.0"],"level":"debug","message":"locale 是个啥: ","time":1653730150658553000}
2022/05/28 17:29:10 {"callers":["/Users/yanglu/go/src/blog-service/main.go: 27 main.init.0"],"level":"debug","message":"locale 是个啥: ","time":1653730150689239000}
2022/05/28 17:29:10 {"callers":["/Users/yanglu/go/src/blog-service/main.go: 27 main.init.0"],"level":"debug","message":"locale 是个啥: ","time":1653730150690313000}
2022/05/28 17:29:10 {"callers":["/Users/yanglu/go/src/blog-service/main.go: 27 main.init.0"],"level":"debug","message":"locale 是个啥: ","time":1653730150693863000}
2022/05/28 17:29:10 {"callers":["/Users/yanglu/go/src/blog-service/main.go: 27 main.init.0"],"level":"debug","message":"locale 是个啥: ","time":1653730150860174000}
2022/05/28 17:29:11 {"callers":["/Users/yanglu/go/src/blog-service/main.go: 27 main.init.0"],"level":"debug","message":"locale 是个啥: ","time":1653730151027723000}
2022/05/28 17:29:11 {"callers":["/Users/yanglu/go/src/blog-service/main.go: 27 main.init.0"],"level":"debug","message":"locale 是个啥: ","time":1653730151303255000}
2022/05/28 17:29:11 {"callers":["/Users/yanglu/go/src/blog-service/main.go: 27 main.init.0"],"level":"debug","message":"locale 是个啥: ","time":1653730151319026000}
2022/05/28 17:29:11 {"callers":["/Users/yanglu/go/src/blog-service/main.go: 27 main.init.0"],"level":"debug","message":"locale 是个啥: ","time":1653730151327704000}
2022/05/28 17:29:19 {"callers":["/Users/yanglu/go/src/blog-service/main.go: 27 main.init.0"],"level":"debug","message":"locale 是个啥: ","time":1653730159607701000}
2022/05/28 17:30:00 {"callers":["/Users/yanglu/go/src/blog-service/main.go: 27 main.init.0"],"level":"debug","message":"locale 是个啥: ","time":1653730200864398000}
2022/05/28 17:30:00 {"callers":["/Users/yanglu/go/src/blog-service/main.go: 27 main.init.0"],"level":"debug","message":"locale 是个啥: ","time":1653730200898643000}
2022/05/28 17:30:00 {"callers":["/Users/yanglu/go/src/blog-service/main.go: 27 main.init.0"],"level":"debug","message":"locale 是个啥: ","time":1653730200899323000}
2022/05/28 17:30:00 {"callers":["/Users/yanglu/go/src/blog-service/main.go: 27 main.init.0"],"level":"debug","message":"locale 是个啥: ","time":1653730200907190000}
2022/05/28 17:30:01 {"callers":["/Users/yanglu/go/src/blog-service/main.go: 27 main.init.0"],"level":"debug","message":"locale 是个啥: ","time":1653730201086418000}
2022/05/28 17:30:01 {"callers":["/Users/yanglu/go/src/blog-service/main.go: 27 main.init.0"],"level":"debug","message":"locale 是个啥: ","time":1653730201129762000}
2022/05/28 17:30:01 {"callers":["/Users/yanglu/go/src/blog-service/main.go: 27 main.init.0"],"level":"debug","message":"locale 是个啥: ","time":1653730201350886000}
2022/05/28 17:30:01 {"callers":["/Users/yanglu/go/src/blog-service/main.go: 27 main.init.0"],"level":"debug","message":"locale 是个啥: ","time":1653730201395254000}
2022/05/28 17:30:01 {"callers":["/Users/yanglu/go/src/blog-service/main.go: 27 main.init.0"],"level":"debug","message":"locale 是个啥: ","time":1653730201403971000}
2022/05/28 17:30:14 {"callers":["/Users/yanglu/go/src/blog-service/main.go: 27 main.init.0"],"level":"debug","message":"locale 是个啥: ","time":1653730214480812000}
2022/05/28 17:31:02 {"callers":["/Users/yanglu/go/src/blog-service/main.go: 27 main.init.0"],"level":"debug","message":"locale 是个啥: ","time":1653730262755381000}
2022/05/28 17:31:02 {"callers":["/Users/yanglu/go/src/blog-service/main.go: 27 main.init.0"],"level":"debug","message":"locale 是个啥: ","time":1653730262779393000}
2022/05/28 17:31:02 {"callers":["/Users/yanglu/go/src/blog-service/main.go: 27 main.init.0"],"level":"debug","message":"locale 是个啥: ","time":1653730262780776000}
2022/05/28 17:31:02 {"callers":["/Users/yanglu/go/src/blog-service/main.go: 27 main.init.0"],"level":"debug","message":"locale 是个啥: ","time":1653730262781899000}
2022/05/28 17:31:02 {"callers":["/Users/yanglu/go/src/blog-service/main.go: 27 main.init.0"],"level":"debug","message":"locale 是个啥: ","time":1653730262934629000}
2022/05/28 17:31:03 {"callers":["/Users/yanglu/go/src/blog-service/main.go: 27 main.init.0"],"level":"debug","message":"locale 是个啥: ","time":1653730263087760000}
2022/05/28 17:31:03 {"callers":["/Users/yanglu/go/src/blog-service/main.go: 27 main.init.0"],"level":"debug","message":"locale 是个啥: ","time":1653730263206179000}
2022/05/28 17:31:03 {"callers":["/Users/yanglu/go/src/blog-service/main.go: 27 main.init.0"],"level":"debug","message":"locale 是个啥: ","time":1653730263278408000}
2022/05/28 17:31:03 {"callers":["/Users/yanglu/go/src/blog-service/main.go: 27 main.init.0"],"level":"debug","message":"locale 是个啥: ","time":1653730263284973000}
2022/05/28 17:31:13 {"callers":["/Users/yanglu/go/src/blog-service/main.go: 27 main.init.0"],"level":"debug","message":"locale 是个啥: ","time":1653730273096714000}
2022/05/28 17:31:34 {"callers":["/Users/yanglu/go/src/blog-service/main.go: 27 main.init.0"],"level":"debug","message":"locale 是个啥: ","time":1653730294408867000}
2022/05/28 17:33:10 {"callers":["/Users/yanglu/go/src/blog-service/main.go: 27 main.init.0"],"level":"debug","message":"locale 是个啥: ","time":1653730390480763000}
2022/05/28 17:36:00 {"callers":["/Users/yanglu/go/src/blog-service/main.go: 27 main.init.0"],"level":"debug","message":"locale 是个啥: ","time":1653730560067904000}
2022/05/28 17:36:00 {"callers":["/Users/yanglu/go/src/blog-service/main.go: 27 main.init.0"],"level":"debug","message":"locale 是个啥: ","time":1653730560108544000}
2022/05/28 17:36:00 {"callers":["/Users/yanglu/go/src/blog-service/main.go: 27 main.init.0"],"level":"debug","message":"locale 是个啥: ","time":1653730560108759000}
2022/05/28 17:36:00 {"callers":["/Users/yanglu/go/src/blog-service/main.go: 27 main.init.0"],"level":"debug","message":"locale 是个啥: ","time":1653730560113998000}
2022/05/28 17:36:00 {"callers":["/Users/yanglu/go/src/blog-service/main.go: 27 main.init.0"],"level":"debug","message":"locale 是个啥: ","time":1653730560228227000}
2022/05/28 17:36:00 {"callers":["/Users/yanglu/go/src/blog-service/main.go: 27 main.init.0"],"level":"debug","message":"locale 是个啥: ","time":1653730560409092000}
2022/05/28 17:36:00 {"callers":["/Users/yanglu/go/src/blog-service/main.go: 27 main.init.0"],"level":"debug","message":"locale 是个啥: ","time":1653730560411328000}
2022/05/28 17:36:00 {"callers":["/Users/yanglu/go/src/blog-service/main.go: 27 main.init.0"],"level":"debug","message":"locale 是个啥: ","time":1653730560458896000}
2022/05/28 17:36:00 {"callers":["/Users/yanglu/go/src/blog-service/main.go: 27 main.init.0"],"level":"debug","message":"locale 是个啥: ","time":1653730560470235000}
2022/05/28 17:37:37 {"callers":["/Users/yanglu/go/src/blog-service/main.go: 27 main.init.0"],"level":"debug","message":"locale 是个啥: ","time":1653730657479004000}
2022/05/28 17:37:37 {"callers":["/Users/yanglu/go/src/blog-service/main.go: 27 main.init.0"],"level":"debug","message":"locale 是个啥: ","time":1653730657499775000}
2022/05/28 17:37:37 {"callers":["/Users/yanglu/go/src/blog-service/main.go: 27 main.init.0"],"level":"debug","message":"locale 是个啥: ","time":1653730657500509000}
2022/05/28 17:37:37 {"callers":["/Users/yanglu/go/src/blog-service/main.go: 27 main.init.0"],"level":"debug","message":"locale 是个啥: ","time":1653730657502606000}
2022/05/28 17:37:37 {"callers":["/Users/yanglu/go/src/blog-service/main.go: 27 main.init.0"],"level":"debug","message":"locale 是个啥: ","time":1653730657574537000}
2022/05/28 17:37:37 {"callers":["/Users/yanglu/go/src/blog-service/main.go: 27 main.init.0"],"level":"debug","message":"locale 是个啥: ","time":1653730657665219000}
2022/05/28 17:37:37 {"callers":["/Users/yanglu/go/src/blog-service/main.go: 27 main.init.0"],"level":"debug","message":"locale 是个啥: ","time":1653730657829806000}
2022/05/28 17:37:37 {"callers":["/Users/yanglu/go/src/blog-service/main.go: 27 main.init.0"],"level":"debug","message":"locale 是个啥: ","time":1653730657847234000}
2022/05/28 17:37:37 {"callers":["/Users/yanglu/go/src/blog-service/main.go: 27 main.init.0"],"level":"debug","message":"locale 是个啥: ","time":1653730657854842000}
2022/05/28 17:38:19 {"callers":["/Users/yanglu/go/src/blog-service/main.go: 27 main.init.0"],"level":"debug","message":"locale 是个啥: ","time":1653730699385252000}
2022/05/28 17:38:19 {"callers":["/Users/yanglu/go/src/blog-service/main.go: 27 main.init.0"],"level":"debug","message":"locale 是个啥: ","time":1653730699418370000}
2022/05/28 17:38:19 {"callers":["/Users/yanglu/go/src/blog-service/main.go: 27 main.init.0"],"level":"debug","message":"locale 是个啥: ","time":1653730699419991000}
2022/05/28 17:38:19 {"callers":["/Users/yanglu/go/src/blog-service/main.go: 27 main.init.0"],"level":"debug","message":"locale 是个啥: ","time":1653730699419992000}
2022/05/28 17:38:19 {"callers":["/Users/yanglu/go/src/blog-service/main.go: 27 main.init.0"],"level":"debug","message":"locale 是个啥: ","time":1653730699496349000}
2022/05/28 17:38:19 {"callers":["/Users/yanglu/go/src/blog-service/main.go: 27 main.init.0"],"level":"debug","message":"locale 是个啥: ","time":1653730699663177000}
2022/05/28 17:38:19 {"callers":["/Users/yanglu/go/src/blog-service/main.go: 27 main.init.0"],"level":"debug","message":"locale 是个啥: ","time":1653730699865684000}
2022/05/28 17:38:19 {"callers":["/Users/yanglu/go/src/blog-service/main.go: 27 main.init.0"],"level":"debug","message":"locale 是个啥: ","time":1653730699872688000}
2022/05/28 17:38:19 {"callers":["/Users/yanglu/go/src/blog-service/main.go: 27 main.init.0"],"level":"debug","message":"locale 是个啥: ","time":1653730699873517000}
2022/05/28 17:39:43 {"callers":["/Users/yanglu/go/src/blog-service/main.go: 27 main.init.0"],"level":"debug","message":"locale 是个啥: ","time":1653730783481340000}
2022/05/28 17:39:43 {"callers":["/Users/yanglu/go/src/blog-service/main.go: 27 main.init.0"],"level":"debug","message":"locale 是个啥: ","time":1653730783516243000}
2022/05/28 17:39:43 {"callers":["/Users/yanglu/go/src/blog-service/main.go: 27 main.init.0"],"level":"debug","message":"locale 是个啥: ","time":1653730783517060000}
2022/05/28 17:39:43 {"callers":["/Users/yanglu/go/src/blog-service/main.go: 27 main.init.0"],"level":"debug","message":"locale 是个啥: ","time":1653730783517462000}
2022/05/28 17:39:43 {"callers":["/Users/yanglu/go/src/blog-service/main.go: 27 main.init.0"],"level":"debug","message":"locale 是个啥: ","time":1653730783779811000}
2022/05/28 17:39:43 {"callers":["/Users/yanglu/go/src/blog-service/main.go: 27 main.init.0"],"level":"debug","message":"locale 是个啥: ","time":1653730783853093000}
2022/05/28 17:39:43 {"callers":["/Users/yanglu/go/src/blog-service/main.go: 27 main.init.0"],"level":"debug","message":"locale 是个啥: ","time":1653730783980194000}
2022/05/28 17:39:43 {"callers":["/Users/yanglu/go/src/blog-service/main.go: 27 main.init.0"],"level":"debug","message":"locale 是个啥: ","time":1653730783996978000}
2022/05/28 17:39:44 {"callers":["/Users/yanglu/go/src/blog-service/main.go: 27 main.init.0"],"level":"debug","message":"locale 是个啥: ","time":1653730784156619000}
2022/05/28 17:41:38 {"callers":["/Users/yanglu/go/src/blog-service/main.go: 27 main.init.0"],"level":"debug","message":"locale 是个啥: ","time":1653730898348894000}
2022/05/28 17:41:38 {"callers":["/Users/yanglu/go/src/blog-service/main.go: 27 main.init.0"],"level":"debug","message":"locale 是个啥: ","time":1653730898377338000}
2022/05/28 17:41:38 {"callers":["/Users/yanglu/go/src/blog-service/main.go: 27 main.init.0"],"level":"debug","message":"locale 是个啥: ","time":1653730898378078000}
2022/05/28 17:41:38 {"callers":["/Users/yanglu/go/src/blog-service/main.go: 27 main.init.0"],"level":"debug","message":"locale 是个啥: ","time":1653730898378131000}
2022/05/28 17:41:38 {"callers":["/Users/yanglu/go/src/blog-service/main.go: 27 main.init.0"],"level":"debug","message":"locale 是个啥: ","time":1653730898462685000}
2022/05/28 17:41:38 {"callers":["/Users/yanglu/go/src/blog-service/main.go: 27 main.init.0"],"level":"debug","message":"locale 是个啥: ","time":1653730898560959000}
2022/05/28 17:41:38 {"callers":["/Users/yanglu/go/src/blog-service/main.go: 27 main.init.0"],"level":"debug","message":"locale 是个啥: ","time":1653730898755880000}
2022/05/28 17:41:38 {"callers":["/Users/yanglu/go/src/blog-service/main.go: 27 main.init.0"],"level":"debug","message":"locale 是个啥: ","time":1653730898831626000}
2022/05/28 17:41:38 {"callers":["/Users/yanglu/go/src/blog-service/main.go: 27 main.init.0"],"level":"debug","message":"locale 是个啥: ","time":1653730898847443000}
2022/05/28 20:16:32 {"callers":["/Users/yanglu/go/src/blog-service/main.go: 27 main.init.0"],"level":"debug","message":"locale 是个啥: ","time":1653740192077400000}
2022/05/28 20:16:32 {"callers":["/Users/yanglu/go/src/blog-service/main.go: 27 main.init.0"],"level":"debug","message":"locale 是个啥: ","time":1653740192139670000}
2022/05/28 20:16:32 {"callers":["/Users/yanglu/go/src/blog-service/main.go: 27 main.init.0"],"level":"debug","message":"locale 是个啥: ","time":1653740192140745000}
2022/05/28 20:16:32 {"callers":["/Users/yanglu/go/src/blog-service/main.go: 27 main.init.0"],"level":"debug","message":"locale 是个啥: ","time":1653740192142294000}
2022/05/28 20:16:32 {"callers":["/Users/yanglu/go/src/blog-service/main.go: 27 main.init.0"],"level":"debug","message":"locale 是个啥: ","time":1653740192248524000}
2022/05/28 20:16:32 {"callers":["/Users/yanglu/go/src/blog-service/main.go: 27 main.init.0"],"level":"debug","message":"locale 是个啥: ","time":1653740192310002000}
2022/05/28 20:16:32 {"callers":["/Users/yanglu/go/src/blog-service/main.go: 27 main.init.0"],"level":"debug","message":"locale 是个啥: ","time":1653740192524987000}
2022/05/28 20:16:32 {"callers":["/Users/yanglu/go/src/blog-service/main.go: 27 main.init.0"],"level":"debug","message":"locale 是个啥: ","time":1653740192533419000}
2022/05/28 20:16:32 {"callers":["/Users/yanglu/go/src/blog-service/main.go: 27 main.init.0"],"level":"debug","message":"locale 是个啥: ","time":1653740192535150000}
2022/05/28 20:16:43 {"callers":["/Users/yanglu/go/src/blog-service/main.go: 27 main.init.0"],"level":"debug","message":"locale 是个啥: ","time":1653740203027353000}
2022/05/28 20:16:56 {"callers":["/Users/yanglu/go/src/blog-service/main.go: 27 main.init.0"],"level":"debug","message":"locale 是个啥: ","time":1653740216124293000}
2022/05/29 22:20:15 {"callers":["/Users/yanglu/go/src/blog-service/main.go: 27 main.init.0"],"level":"debug","message":"locale 是个啥: ","time":1653834015314924000}
2022/05/29 22:20:15 {"callers":["/Users/yanglu/go/src/blog-service/main.go: 27 main.init.0"],"level":"debug","message":"locale 是个啥: ","time":1653834015420790000}
2022/05/29 22:20:15 {"callers":["/Users/yanglu/go/src/blog-service/main.go: 27 main.init.0"],"level":"debug","message":"locale 是个啥: ","time":1653834015425173000}
2022/05/29 22:20:15 {"callers":["/Users/yanglu/go/src/blog-service/main.go: 27 main.init.0"],"level":"debug","message":"locale 是个啥: ","time":1653834015425291000}
2022/05/29 22:20:15 {"callers":["/Users/yanglu/go/src/blog-service/main.go: 27 main.init.0"],"level":"debug","message":"locale 是个啥: ","time":1653834015584947000}
2022/05/29 22:20:15 {"callers":["/Users/yanglu/go/src/blog-service/main.go: 27 main.init.0"],"level":"debug","message":"locale 是个啥: ","time":1653834015750997000}
2022/05/29 22:20:15 {"callers":["/Users/yanglu/go/src/blog-service/main.go: 27 main.init.0"],"level":"debug","message":"locale 是个啥: ","time":1653834015805877000}
2022/05/29 22:20:15 {"callers":["/Users/yanglu/go/src/blog-service/main.go: 27 main.init.0"],"level":"debug","message":"locale 是个啥: ","time":1653834015828044000}
2022/05/29 22:20:15 {"callers":["/Users/yanglu/go/src/blog-service/main.go: 27 main.init.0"],"level":"debug","message":"locale 是个啥: ","time":1653834015840689000}
2022/05/29 22:20:53 {"callers":["/Users/yanglu/go/src/blog-service/main.go: 27 main.init.0"],"level":"debug","message":"locale 是个啥: ","time":1653834053482825000}
2022/05/29 22:21:22 {"callers":["/Users/yanglu/go/src/blog-service/main.go: 27 main.init.0"],"level":"debug","message":"locale 是个啥: ","time":1653834082869609000}
2022/05/29 22:21:22 {"callers":["/Users/yanglu/go/src/blog-service/main.go: 27 main.init.0"],"level":"error","message":"svc.CheckAuth err: auth info does not exist.","time":1653834082874801000}
2022/06/15 10:44:41 {"callers":["D:/Go_works/src/blog-service/main.go: 27 main.init.0"],"level":"debug","message":"locale 是个啥: ","time":1655261081806651600}
2022/06/15 10:44:41 {"callers":["D:/Go_works/src/blog-service/main.go: 27 main.init.0"],"level":"debug","message":"locale 是个啥: ","time":1655261081973125200}
2022/06/15 10:45:12 {"callers":["D:/Go_works/src/blog-service/main.go: 27 main.init.0"],"level":"debug","message":"locale 是个啥: ","time":1655261112225706400}
2022/06/15 10:45:22 {"callers":["D:/Go_works/src/blog-service/main.go: 27 main.init.0"],"level":"debug","message":"locale 是个啥: ","time":1655261122373244800}
2022/06/15 10:49:29 {"callers":["D:/Go_works/src/blog-service/main.go: 27 main.init.0"],"level":"debug","message":"locale 是个啥: ","time":1655261369586901200}
2022/06/15 10:49:29 {"callers":["D:/Go_works/src/blog-service/main.go: 27 main.init.0"],"level":"debug","message":"locale 是个啥: ","time":1655261369607217700}
2022/06/15 10:49:29 {"callers":["D:/Go_works/src/blog-service/main.go: 27 main.init.0"],"level":"debug","message":"locale 是个啥: ","time":1655261369607798800}
2022/06/15 10:49:29 {"callers":["D:/Go_works/src/blog-service/main.go: 27 main.init.0"],"level":"debug","message":"locale 是个啥: ","time":1655261369608357500}
2022/06/15 10:49:29 {"callers":["D:/Go_works/src/blog-service/main.go: 27 main.init.0"],"level":"debug","message":"locale 是个啥: ","time":1655261369913247900}
2022/06/15 10:49:29 {"callers":["D:/Go_works/src/blog-service/main.go: 27 main.init.0"],"level":"debug","message":"locale 是个啥: ","time":1655261369994608500}
2022/06/15 10:50:17 {"callers":["D:/Go_works/src/blog-service/main.go: 27 main.init.0"],"level":"debug","message":"locale 是个啥: ","time":1655261417392208700}
2022/06/15 10:50:17 {"callers":["D:/Go_works/src/blog-service/main.go: 27 main.init.0"],"level":"debug","message":"locale 是个啥: ","time":1655261417586273500}
2022/06/15 10:50:17 {"callers":["D:/Go_works/src/blog-service/main.go: 27 main.init.0"],"level":"debug","message":"locale 是个啥: ","time":1655261417586731000}
2022/06/15 10:50:17 {"callers":["D:/Go_works/src/blog-service/main.go: 27 main.init.0"],"level":"debug","message":"locale 是个啥: ","time":1655261417588208900}
2022/06/15 10:50:17 {"callers":["D:/Go_works/src/blog-service/main.go: 27 main.init.0"],"level":"debug","message":"locale 是个啥: ","time":1655261417864810300}
2022/06/15 10:50:18 {"callers":["D:/Go_works/src/blog-service/main.go: 27 main.init.0"],"level":"debug","message":"locale 是个啥: ","time":1655261418003514300}
2022/06/15 11:12:40 {"callers":["D:/Go_works/src/blog-service/main.go: 27 main.init.0"],"level":"debug","message":"locale 是个啥: ","time":1655262760603344600}
2022/06/15 11:12:40 {"callers":["D:/Go_works/src/blog-service/main.go: 27 main.init.0"],"level":"error","message":"svc.CheckAuth err: Error 1146: Table 'blog_service.blog_auth' doesn't exist","time":1655262760661576000}
2022/06/15 11:24:06 {"callers":["D:/Go_works/src/blog-service/main.go: 27 main.init.0"],"level":"debug","message":"locale 是个啥: ","time":1655263446242580600}
2022/06/15 11:24:06 {"callers":["D:/Go_works/src/blog-service/main.go: 27 main.init.0"],"level":"debug","message":"Recovery 進來了","time":1655263446243674500}
2022/06/15 11:24:06 {"callers":["D:/Go_works/src/blog-service/main.go: 27 main.init.0"],"level":"debug","message":"locale 是个啥: ","time":1655263446270074400}
2022/06/15 11:24:06 {"callers":["D:/Go_works/src/blog-service/main.go: 27 main.init.0"],"level":"debug","message":"Recovery 進來了","time":1655263446270876200}
2022/06/15 11:24:06 {"callers":["D:/Go_works/src/blog-service/main.go: 27 main.init.0"],"level":"debug","message":"locale 是个啥: ","time":1655263446270876200}
2022/06/15 11:24:06 {"callers":["D:/Go_works/src/blog-service/main.go: 27 main.init.0"],"level":"debug","message":"locale 是个啥: ","time":1655263446271386000}
2022/06/15 11:24:06 {"callers":["D:/Go_works/src/blog-service/main.go: 27 main.init.0"],"level":"debug","message":"Recovery 進來了","time":1655263446273396700}
2022/06/15 11:24:06 {"callers":["D:/Go_works/src/blog-service/main.go: 27 main.init.0"],"level":"debug","message":"Recovery 進來了","time":1655263446276840500}
2022/06/15 11:24:06 {"callers":["D:/Go_works/src/blog-service/main.go: 27 main.init.0"],"level":"debug","message":"locale 是个啥: ","time":1655263446582175100}
2022/06/15 11:24:06 {"callers":["D:/Go_works/src/blog-service/main.go: 27 main.init.0"],"level":"debug","message":"Recovery 進來了","time":1655263446582716800}
2022/06/15 11:24:06 {"callers":["D:/Go_works/src/blog-service/main.go: 27 main.init.0"],"level":"debug","message":"locale 是个啥: ","time":1655263446592255500}
2022/06/15 11:24:06 {"callers":["D:/Go_works/src/blog-service/main.go: 27 main.init.0"],"level":"debug","message":"Recovery 進來了","time":1655263446738219200}
2022/06/15 11:26:27 {"callers":["D:/Go_works/src/blog-service/main.go: 27 main.init.0"],"level":"debug","message":"locale 是个啥: ","time":1655263587755730200}
2022/06/15 11:26:27 {"callers":["D:/Go_works/src/blog-service/main.go: 27 main.init.0"],"level":"debug","message":"Recovery 進入率了","time":1655263587757150500}
2022/06/15 11:26:27 {"callers":["D:/Go_works/src/blog-service/main.go: 27 main.init.0"],"level":"debug","message":"Recovery 出去了","time":1655263587757150500}
2022/06/15 11:26:27 {"callers":["D:/Go_works/src/blog-service/main.go: 27 main.init.0"],"level":"debug","message":"locale 是个啥: ","time":1655263587777946100}
2022/06/15 11:26:27 {"callers":["D:/Go_works/src/blog-service/main.go: 27 main.init.0"],"level":"debug","message":"locale 是个啥: ","time":1655263587777946100}
2022/06/15 11:26:27 {"callers":["D:/Go_works/src/blog-service/main.go: 27 main.init.0"],"level":"debug","message":"Recovery 進入率了","time":1655263587778556200}
2022/06/15 11:26:27 {"callers":["D:/Go_works/src/blog-service/main.go: 27 main.init.0"],"level":"debug","message":"Recovery 出去了","time":1655263587778556200}
2022/06/15 11:26:27 {"callers":["D:/Go_works/src/blog-service/main.go: 27 main.init.0"],"level":"debug","message":"locale 是个啥: ","time":1655263587780473500}
2022/06/15 11:26:27 {"callers":["D:/Go_works/src/blog-service/main.go: 27 main.init.0"],"level":"debug","message":"Recovery 進入率了","time":1655263587780473500}
2022/06/15 11:26:27 {"callers":["D:/Go_works/src/blog-service/main.go: 27 main.init.0"],"level":"debug","message":"Recovery 出去了","time":1655263587780473500}
2022/06/15 11:26:27 {"callers":["D:/Go_works/src/blog-service/main.go: 27 main.init.0"],"level":"debug","message":"Recovery 進入率了","time":1655263587782475700}
2022/06/15 11:26:27 {"callers":["D:/Go_works/src/blog-service/main.go: 27 main.init.0"],"level":"debug","message":"Recovery 出去了","time":1655263587782475700}
2022/06/15 11:26:28 {"callers":["D:/Go_works/src/blog-service/main.go: 27 main.init.0"],"level":"debug","message":"locale 是个啥: ","time":1655263588061257600}
2022/06/15 11:26:28 {"callers":["D:/Go_works/src/blog-service/main.go: 27 main.init.0"],"level":"debug","message":"Recovery 進入率了","time":1655263588062383500}
2022/06/15 11:26:28 {"callers":["D:/Go_works/src/blog-service/main.go: 27 main.init.0"],"level":"debug","message":"Recovery 出去了","time":1655263588062383500}
2022/06/15 11:26:28 {"callers":["D:/Go_works/src/blog-service/main.go: 27 main.init.0"],"level":"debug","message":"locale 是个啥: ","time":1655263588066120100}
2022/06/15 11:26:28 {"callers":["D:/Go_works/src/blog-service/main.go: 27 main.init.0"],"level":"debug","message":"Recovery 進入率了","time":1655263588205211100}
2022/06/15 11:26:28 {"callers":["D:/Go_works/src/blog-service/main.go: 27 main.init.0"],"level":"debug","message":"Recovery 出去了","time":1655263588205211100}
2022/06/15 11:27:22 {"callers":["D:/Go_works/src/blog-service/main.go: 27 main.init.0"],"level":"debug","message":"locale 是个啥: ","time":1655263642760447200}
2022/06/15 11:27:22 {"callers":["D:/Go_works/src/blog-service/main.go: 27 main.init.0"],"level":"debug","message":"Recovery 進入率了","time":1655263642762123500}
2022/06/15 11:27:22 {"callers":["D:/Go_works/src/blog-service/main.go: 27 main.init.0"],"level":"debug","message":"Recovery 出去了","time":1655263642762123500}
2022/06/15 11:27:22 {"callers":["D:/Go_works/src/blog-service/main.go: 27 main.init.0"],"level":"debug","message":"locale 是个啥: ","time":1655263642783287300}
2022/06/15 11:27:22 {"callers":["D:/Go_works/src/blog-service/main.go: 27 main.init.0"],"level":"debug","message":"locale 是个啥: ","time":1655263642783287300}
2022/06/15 11:27:22 {"callers":["D:/Go_works/src/blog-service/main.go: 27 main.init.0"],"level":"debug","message":"Recovery 進入率了","time":1655263642785744200}
2022/06/15 11:27:22 {"callers":["D:/Go_works/src/blog-service/main.go: 27 main.init.0"],"level":"debug","message":"Recovery 出去了","time":1655263642786756200}
2022/06/15 11:27:22 {"callers":["D:/Go_works/src/blog-service/main.go: 27 main.init.0"],"level":"debug","message":"locale 是个啥: ","time":1655263642787335900}
2022/06/15 11:27:22 {"callers":["D:/Go_works/src/blog-service/main.go: 27 main.init.0"],"level":"debug","message":"Recovery 進入率了","time":1655263642787888100}
2022/06/15 11:27:22 {"callers":["D:/Go_works/src/blog-service/main.go: 27 main.init.0"],"level":"debug","message":"Recovery 出去了","time":1655263642787888100}
2022/06/15 11:27:22 {"callers":["D:/Go_works/src/blog-service/main.go: 27 main.init.0"],"level":"debug","message":"Recovery 進入率了","time":1655263642788487500}
2022/06/15 11:27:22 {"callers":["D:/Go_works/src/blog-service/main.go: 27 main.init.0"],"level":"debug","message":"Recovery 出去了","time":1655263642788487500}
2022/06/15 11:27:23 {"callers":["D:/Go_works/src/blog-service/main.go: 27 main.init.0"],"level":"debug","message":"locale 是个啥: ","time":1655263643086812200}
2022/06/15 11:27:23 {"callers":["D:/Go_works/src/blog-service/main.go: 27 main.init.0"],"level":"debug","message":"Recovery 進入率了","time":1655263643087348300}
2022/06/15 11:27:23 {"callers":["D:/Go_works/src/blog-service/main.go: 27 main.init.0"],"level":"debug","message":"Recovery 出去了","time":1655263643087348300}
2022/06/15 11:27:23 {"callers":["D:/Go_works/src/blog-service/main.go: 27 main.init.0"],"level":"debug","message":"locale 是个啥: ","time":1655263643093627500}
2022/06/15 11:27:23 {"callers":["D:/Go_works/src/blog-service/main.go: 27 main.init.0"],"level":"debug","message":"Recovery 進入率了","time":1655263643232366300}
2022/06/15 11:27:23 {"callers":["D:/Go_works/src/blog-service/main.go: 27 main.init.0"],"level":"debug","message":"Recovery 出去了","time":1655263643232917400}
2022/06/15 11:30:04 {"callers":["D:/Go_works/src/blog-service/main.go: 27 main.init.0"],"level":"debug","message":"locale 是个啥: ","time":1655263804393854000}
2022/06/15 11:30:04 {"callers":["D:/Go_works/src/blog-service/main.go: 27 main.init.0"],"level":"debug","message":"Recovery 進入率了","time":1655263804395488400}
2022/06/15 11:30:04 {"callers":["D:/Go_works/src/blog-service/main.go: 27 main.init.0"],"level":"debug","message":"Recovery 出去了","time":1655263804395488400}
2022/06/15 11:30:04 {"callers":["D:/Go_works/src/blog-service/main.go: 27 main.init.0"],"level":"debug","message":"locale 是个啥: ","time":1655263804414325500}
2022/06/15 11:30:04 {"callers":["D:/Go_works/src/blog-service/main.go: 27 main.init.0"],"level":"debug","message":"locale 是个啥: ","time":1655263804415199000}
2022/06/15 11:30:04 {"callers":["D:/Go_works/src/blog-service/main.go: 27 main.init.0"],"level":"debug","message":"Recovery 進入率了","time":1655263804415706600}
2022/06/15 11:30:04 {"callers":["D:/Go_works/src/blog-service/main.go: 27 main.init.0"],"level":"debug","message":"Recovery 出去了","time":1655263804415706600}
2022/06/15 11:30:04 {"callers":["D:/Go_works/src/blog-service/main.go: 27 main.init.0"],"level":"debug","message":"locale 是个啥: ","time":1655263804416020400}
2022/06/15 11:30:04 {"callers":["D:/Go_works/src/blog-service/main.go: 27 main.init.0"],"level":"debug","message":"Recovery 進入率了","time":1655263804417123100}
2022/06/15 11:30:04 {"callers":["D:/Go_works/src/blog-service/main.go: 27 main.init.0"],"level":"debug","message":"Recovery 出去了","time":1655263804417123100}
2022/06/15 11:30:04 {"callers":["D:/Go_works/src/blog-service/main.go: 27 main.init.0"],"level":"debug","message":"Recovery 進入率了","time":1655263804417123100}
2022/06/15 11:30:04 {"callers":["D:/Go_works/src/blog-service/main.go: 27 main.init.0"],"level":"debug","message":"Recovery 出去了","time":1655263804417123100}
2022/06/15 11:30:04 {"callers":["D:/Go_works/src/blog-service/main.go: 27 main.init.0"],"level":"debug","message":"locale 是个啥: ","time":1655263804715427100}
2022/06/15 11:30:04 {"callers":["D:/Go_works/src/blog-service/main.go: 27 main.init.0"],"level":"debug","message":"Recovery 進入率了","time":1655263804716547800}
2022/06/15 11:30:04 {"callers":["D:/Go_works/src/blog-service/main.go: 27 main.init.0"],"level":"debug","message":"Recovery 出去了","time":1655263804716547800}
2022/06/15 11:30:04 {"callers":["D:/Go_works/src/blog-service/main.go: 27 main.init.0"],"level":"debug","message":"locale 是个啥: ","time":1655263804721751400}
2022/06/15 11:30:04 {"callers":["D:/Go_works/src/blog-service/main.go: 27 main.init.0"],"level":"debug","message":"Recovery 進入率了","time":1655263804859950600}
2022/06/15 11:30:04 {"callers":["D:/Go_works/src/blog-service/main.go: 27 main.init.0"],"level":"debug","message":"Recovery 出去了","time":1655263804859950600}
2022/06/15 13:18:38 {"callers":["D:/Go_works/src/blog-service/main.go: 27 main.init.0"],"level":"debug","message":"locale 是个啥: ","time":1655270318740365200}
2022/06/15 13:18:38 {"callers":["D:/Go_works/src/blog-service/main.go: 27 main.init.0"],"level":"debug","message":"Recovery 進入率了","time":1655270318742092000}
2022/06/15 13:18:38 {"callers":["D:/Go_works/src/blog-service/main.go: 27 main.init.0"],"level":"debug","message":"Recovery 出去了","time":1655270318742092000}
2022/06/15 13:18:38 {"callers":["D:/Go_works/src/blog-service/main.go: 27 main.init.0"],"level":"debug","message":"locale 是个啥: ","time":1655270318774503500}
2022/06/15 13:18:38 {"callers":["D:/Go_works/src/blog-service/main.go: 27 main.init.0"],"level":"debug","message":"locale 是个啥: ","time":1655270318774503500}
2022/06/15 13:18:38 {"callers":["D:/Go_works/src/blog-service/main.go: 27 main.init.0"],"level":"debug","message":"locale 是个啥: ","time":1655270318776021700}
2022/06/15 13:18:38 {"callers":["D:/Go_works/src/blog-service/main.go: 27 main.init.0"],"level":"debug","message":"Recovery 進入率了","time":1655270318778020600}
2022/06/15 13:18:38 {"callers":["D:/Go_works/src/blog-service/main.go: 27 main.init.0"],"level":"debug","message":"Recovery 出去了","time":1655270318778020600}
2022/06/15 13:18:38 {"callers":["D:/Go_works/src/blog-service/main.go: 27 main.init.0"],"level":"debug","message":"Recovery 進入率了","time":1655270318778020600}
2022/06/15 13:18:38 {"callers":["D:/Go_works/src/blog-service/main.go: 27 main.init.0"],"level":"debug","message":"Recovery 出去了","time":1655270318778244300}
2022/06/15 13:18:38 {"callers":["D:/Go_works/src/blog-service/main.go: 27 main.init.0"],"level":"debug","message":"Recovery 進入率了","time":1655270318778020600}
2022/06/15 13:18:38 {"callers":["D:/Go_works/src/blog-service/main.go: 27 main.init.0"],"level":"debug","message":"Recovery 出去了","time":1655270318778244300}
2022/06/15 13:18:39 {"callers":["D:/Go_works/src/blog-service/main.go: 27 main.init.0"],"level":"debug","message":"locale 是个啥: ","time":1655270319044633100}
2022/06/15 13:18:39 {"callers":["D:/Go_works/src/blog-service/main.go: 27 main.init.0"],"level":"debug","message":"Recovery 進入率了","time":1655270319046400200}
2022/06/15 13:18:39 {"callers":["D:/Go_works/src/blog-service/main.go: 27 main.init.0"],"level":"debug","message":"Recovery 出去了","time":1655270319046400200}
2022/06/15 13:18:39 {"callers":["D:/Go_works/src/blog-service/main.go: 27 main.init.0"],"level":"debug","message":"locale 是个啥: ","time":1655270319050831000}
2022/06/15 13:18:39 {"callers":["D:/Go_works/src/blog-service/main.go: 27 main.init.0"],"level":"debug","message":"Recovery 進入率了","time":1655270319209841200}
2022/06/15 13:18:39 {"callers":["D:/Go_works/src/blog-service/main.go: 27 main.init.0"],"level":"debug","message":"Recovery 出去了","time":1655270319209841200}
2022/06/15 13:30:55 {"callers":["D:/Go_works/src/blog-service/main.go: 27 main.init.0"],"level":"debug","message":"locale 是个啥: ","time":1655271055171722300}
2022/06/15 13:30:55 {"callers":["D:/Go_works/src/blog-service/main.go: 27 main.init.0"],"level":"debug","message":"locale 是个啥: ","time":1655271055194496600}
2022/06/15 13:30:55 {"callers":["D:/Go_works/src/blog-service/main.go: 27 main.init.0"],"level":"debug","message":"locale 是个啥: ","time":1655271055195121700}
2022/06/15 13:30:55 {"callers":["D:/Go_works/src/blog-service/main.go: 27 main.init.0"],"level":"debug","message":"locale 是个啥: ","time":1655271055195954600}
2022/06/15 13:30:55 {"callers":["D:/Go_works/src/blog-service/main.go: 27 main.init.0"],"level":"debug","message":"locale 是个啥: ","time":1655271055483674500}
2022/06/15 13:30:55 {"callers":["D:/Go_works/src/blog-service/main.go: 27 main.init.0"],"level":"debug","message":"locale 是个啥: ","time":1655271055491823400}
2022/06/15 13:31:21 {"callers":["D:/Go_works/src/blog-service/main.go: 27 main.init.0"],"level":"debug","message":"locale 是个啥: ","time":1655271081997598100}
2022/06/15 13:31:22 {"callers":["D:/Go_works/src/blog-service/main.go: 27 main.init.0"],"level":"error","message":"svc.CountTag err: Error 1146: Table 'blog_service.blog_tag' doesn't exist","time":1655271082381346600}
